app.js:111 ABR strategy: bola
app.js:112 buffer level: 2.461 Seconds
app.js:113 bitrate: 1.62774 Mbps
app.js:114 throughput: 0.09426 Mbps
app.js:115 Segment Time: 33.000 Seconds
app.js:116 Segment Size: 388812.60 Bytes
app.js:117  
app.js:111 ABR strategy: bola
app.js:112 buffer level: 517.839 Seconds
app.js:113 bitrate: 1.62774 Mbps
app.js:114 throughput: 0.09959 Mbps
app.js:115 Segment Time: 20.000 Seconds
app.js:116 Segment Size: 248979.38 Bytes
app.js:117  
app.js:111 ABR strategy: bola
app.js:112 buffer level: 509.607 Seconds
app.js:113 bitrate: 1.62774 Mbps
app.js:114 throughput: 0.09959 Mbps
app.js:115 Segment Time: 20.000 Seconds
app.js:116 Segment Size: 248979.38 Bytes
app.js:117  
app.js:111 ABR strategy: bola
app.js:112 buffer level: 501.64 Seconds
app.js:113 bitrate: 1.62774 Mbps
app.js:114 throughput: 0.09959 Mbps
app.js:115 Segment Time: 20.000 Seconds
app.js:116 Segment Size: 248979.38 Bytes
app.js:117  
app.js:111 ABR strategy: bola
app.js:112 buffer level: 493.657 Seconds
app.js:113 bitrate: 1.62774 Mbps
app.js:114 throughput: 0.09959 Mbps
app.js:115 Segment Time: 20.000 Seconds
app.js:116 Segment Size: 248979.38 Bytes
app.js:117  
app.js:111 ABR strategy: bola
app.js:112 buffer level: 485.676 Seconds
app.js:113 bitrate: 1.62774 Mbps
app.js:114 throughput: 0.09959 Mbps
app.js:115 Segment Time: 20.000 Seconds
app.js:116 Segment Size: 248979.38 Bytes
app.js:117  
app.js:111 ABR strategy: bola
app.js:112 buffer level: 477.707 Seconds
app.js:113 bitrate: 1.62774 Mbps
app.js:114 throughput: 0.09959 Mbps
app.js:115 Segment Time: 20.000 Seconds
app.js:116 Segment Size: 248979.38 Bytes
app.js:117  
app.js:111 ABR strategy: bola
app.js:112 buffer level: 469.737 Seconds
app.js:113 bitrate: 1.62774 Mbps
app.js:114 throughput: 0.09959 Mbps
app.js:115 Segment Time: 20.000 Seconds
app.js:116 Segment Size: 248979.38 Bytes
app.js:117  
app.js:111 ABR strategy: bola
app.js:112 buffer level: 461.771 Seconds
app.js:113 bitrate: 1.62774 Mbps
app.js:114 throughput: 0.09959 Mbps
app.js:115 Segment Time: 20.000 Seconds
app.js:116 Segment Size: 248979.38 Bytes
app.js:117  
app.js:111 ABR strategy: bola
app.js:112 buffer level: 453.785 Seconds
app.js:113 bitrate: 1.62774 Mbps
app.js:114 throughput: 0.09959 Mbps
app.js:115 Segment Time: 20.000 Seconds
app.js:116 Segment Size: 248979.38 Bytes
app.js:117  
app.js:111 ABR strategy: bola
app.js:112 buffer level: 445.798 Seconds
app.js:113 bitrate: 1.62774 Mbps
app.js:114 throughput: 0.09959 Mbps
app.js:115 Segment Time: 20.000 Seconds
app.js:116 Segment Size: 248979.38 Bytes
app.js:117  
app.js:111 ABR strategy: bola
app.js:112 buffer level: 437.814 Seconds
app.js:113 bitrate: 1.62774 Mbps
app.js:114 throughput: 0.09959 Mbps
app.js:115 Segment Time: 20.000 Seconds
app.js:116 Segment Size: 248979.38 Bytes
app.js:117  
app.js:111 ABR strategy: bola
app.js:112 buffer level: 429.857 Seconds
app.js:113 bitrate: 1.62774 Mbps
app.js:114 throughput: 0.09959 Mbps
app.js:115 Segment Time: 20.000 Seconds
app.js:116 Segment Size: 248979.38 Bytes
app.js:117  
app.js:111 ABR strategy: bola
app.js:112 buffer level: 421.614 Seconds
app.js:113 bitrate: 1.62774 Mbps
app.js:114 throughput: 0.09959 Mbps
app.js:115 Segment Time: 20.000 Seconds
app.js:116 Segment Size: 248979.38 Bytes
app.js:117  
app.js:111 ABR strategy: bola
app.js:112 buffer level: 413.631 Seconds
app.js:113 bitrate: 1.62774 Mbps
app.js:114 throughput: 0.09959 Mbps
app.js:115 Segment Time: 20.000 Seconds
app.js:116 Segment Size: 248979.38 Bytes
app.js:117  
app.js:111 ABR strategy: bola
app.js:112 buffer level: 405.649 Seconds
app.js:113 bitrate: 1.62774 Mbps
app.js:114 throughput: 0.09959 Mbps
app.js:115 Segment Time: 20.000 Seconds
app.js:116 Segment Size: 248979.38 Bytes
app.js:117  
app.js:111 ABR strategy: bola
app.js:112 buffer level: 397.68 Seconds
app.js:113 bitrate: 1.62774 Mbps
app.js:114 throughput: 0.09959 Mbps
app.js:115 Segment Time: 20.000 Seconds
app.js:116 Segment Size: 248979.38 Bytes
app.js:117  
app.js:111 ABR strategy: bola
app.js:112 buffer level: 389.711 Seconds
app.js:113 bitrate: 1.62774 Mbps
app.js:114 throughput: 0.09959 Mbps
app.js:115 Segment Time: 20.000 Seconds
app.js:116 Segment Size: 248979.38 Bytes
app.js:117  
app.js:111 ABR strategy: bola
app.js:112 buffer level: 381.72 Seconds
app.js:113 bitrate: 1.62774 Mbps
app.js:114 throughput: 0.09959 Mbps
app.js:115 Segment Time: 20.000 Seconds
app.js:116 Segment Size: 248979.38 Bytes
app.js:117  
app.js:111 ABR strategy: bola
app.js:112 buffer level: 373.746 Seconds
app.js:113 bitrate: 1.62774 Mbps
app.js:114 throughput: 0.09959 Mbps
app.js:115 Segment Time: 20.000 Seconds
app.js:116 Segment Size: 248979.38 Bytes
app.js:117  
app.js:111 ABR strategy: bola
app.js:112 buffer level: 365.768 Seconds
app.js:113 bitrate: 1.62774 Mbps
app.js:114 throughput: 0.09959 Mbps
app.js:115 Segment Time: 20.000 Seconds
app.js:116 Segment Size: 248979.38 Bytes
app.js:117  
app.js:111 ABR strategy: bola
app.js:112 buffer level: 357.768 Seconds
app.js:113 bitrate: 1.62774 Mbps
app.js:114 throughput: 0.09959 Mbps
app.js:115 Segment Time: 20.000 Seconds
app.js:116 Segment Size: 248979.38 Bytes
app.js:117  
app.js:111 ABR strategy: bola
app.js:112 buffer level: 349.81 Seconds
app.js:113 bitrate: 1.62774 Mbps
app.js:114 throughput: 0.09959 Mbps
app.js:115 Segment Time: 20.000 Seconds
app.js:116 Segment Size: 248979.38 Bytes
app.js:117  
app.js:111 ABR strategy: bola
app.js:112 buffer level: 341.827 Seconds
app.js:113 bitrate: 1.62774 Mbps
app.js:114 throughput: 0.09959 Mbps
app.js:115 Segment Time: 20.000 Seconds
app.js:116 Segment Size: 248979.38 Bytes
app.js:117  
app.js:111 ABR strategy: bola
app.js:112 buffer level: 333.853 Seconds
app.js:113 bitrate: 1.62774 Mbps
app.js:114 throughput: 0.09959 Mbps
app.js:115 Segment Time: 20.000 Seconds
app.js:116 Segment Size: 248979.38 Bytes
app.js:117  
app.js:111 ABR strategy: bola
app.js:112 buffer level: 325.621 Seconds
app.js:113 bitrate: 1.62774 Mbps
app.js:114 throughput: 0.09959 Mbps
app.js:115 Segment Time: 20.000 Seconds
app.js:116 Segment Size: 248979.38 Bytes
app.js:117  
app.js:111 ABR strategy: bola
app.js:112 buffer level: 317.652 Seconds
app.js:113 bitrate: 1.62774 Mbps
app.js:114 throughput: 0.09959 Mbps
app.js:115 Segment Time: 20.000 Seconds
app.js:116 Segment Size: 248979.38 Bytes
app.js:117  
app.js:111 ABR strategy: bola
app.js:112 buffer level: 309.66 Seconds
app.js:113 bitrate: 1.62774 Mbps
app.js:114 throughput: 0.09959 Mbps
app.js:115 Segment Time: 20.000 Seconds
app.js:116 Segment Size: 248979.38 Bytes
app.js:117  
app.js:111 ABR strategy: bola
app.js:112 buffer level: 301.688 Seconds
app.js:113 bitrate: 1.62774 Mbps
app.js:114 throughput: 0.09959 Mbps
app.js:115 Segment Time: 20.000 Seconds
app.js:116 Segment Size: 248979.38 Bytes
app.js:117  
app.js:111 ABR strategy: bola
app.js:112 buffer level: 293.727 Seconds
app.js:113 bitrate: 1.62774 Mbps
app.js:114 throughput: 0.09959 Mbps
app.js:115 Segment Time: 20.000 Seconds
app.js:116 Segment Size: 248979.38 Bytes
app.js:117  
app.js:111 ABR strategy: bola
app.js:112 buffer level: 285.744 Seconds
app.js:113 bitrate: 1.62774 Mbps
app.js:114 throughput: 0.09959 Mbps
app.js:115 Segment Time: 20.000 Seconds
app.js:116 Segment Size: 248979.38 Bytes
app.js:117  
app.js:111 ABR strategy: bola
app.js:112 buffer level: 277.78 Seconds
app.js:113 bitrate: 1.62774 Mbps
app.js:114 throughput: 0.09959 Mbps
app.js:115 Segment Time: 20.000 Seconds
app.js:116 Segment Size: 248979.38 Bytes
app.js:117  
app.js:111 ABR strategy: bola
app.js:112 buffer level: 269.789 Seconds
app.js:113 bitrate: 1.62774 Mbps
app.js:114 throughput: 0.09959 Mbps
app.js:115 Segment Time: 20.000 Seconds
app.js:116 Segment Size: 248979.38 Bytes
app.js:117  
app.js:111 ABR strategy: bola
app.js:112 buffer level: 261.819 Seconds
app.js:113 bitrate: 1.62774 Mbps
app.js:114 throughput: 0.09959 Mbps
app.js:115 Segment Time: 20.000 Seconds
app.js:116 Segment Size: 248979.38 Bytes
app.js:117  
app.js:111 ABR strategy: bola
app.js:112 buffer level: 253.853 Seconds
app.js:113 bitrate: 1.62774 Mbps
app.js:114 throughput: 0.09959 Mbps
app.js:115 Segment Time: 20.000 Seconds
app.js:116 Segment Size: 248979.38 Bytes
app.js:117  
app.js:111 ABR strategy: bola
app.js:112 buffer level: 245.616 Seconds
app.js:113 bitrate: 1.62774 Mbps
app.js:114 throughput: 0.09959 Mbps
app.js:115 Segment Time: 20.000 Seconds
app.js:116 Segment Size: 248979.38 Bytes
app.js:117  
app.js:111 ABR strategy: bola
app.js:112 buffer level: 237.647 Seconds
app.js:113 bitrate: 1.62774 Mbps
app.js:114 throughput: 0.09959 Mbps
app.js:115 Segment Time: 20.000 Seconds
app.js:116 Segment Size: 248979.38 Bytes
app.js:117  
app.js:111 ABR strategy: bola
app.js:112 buffer level: 229.685 Seconds
app.js:113 bitrate: 1.62774 Mbps
app.js:114 throughput: 0.09959 Mbps
app.js:115 Segment Time: 20.000 Seconds
app.js:116 Segment Size: 248979.38 Bytes
app.js:117  
app.js:111 ABR strategy: bola
app.js:112 buffer level: 221.833 Seconds
app.js:113 bitrate: 1.62774 Mbps
app.js:114 throughput: 0.09959 Mbps
app.js:115 Segment Time: 20.000 Seconds
app.js:116 Segment Size: 248979.38 Bytes
app.js:117  
app.js:111 ABR strategy: bola
app.js:112 buffer level: 213.863 Seconds
app.js:113 bitrate: 1.62774 Mbps
app.js:114 throughput: 0.09959 Mbps
app.js:115 Segment Time: 20.000 Seconds
app.js:116 Segment Size: 248979.38 Bytes
app.js:117  
app.js:111 ABR strategy: bola
app.js:112 buffer level: 205.619 Seconds
app.js:113 bitrate: 1.62774 Mbps
app.js:114 throughput: 0.09959 Mbps
app.js:115 Segment Time: 20.000 Seconds
app.js:116 Segment Size: 248979.38 Bytes
app.js:117  
app.js:111 ABR strategy: bola
app.js:112 buffer level: 197.653 Seconds
app.js:113 bitrate: 1.62774 Mbps
app.js:114 throughput: 0.09959 Mbps
app.js:115 Segment Time: 20.000 Seconds
app.js:116 Segment Size: 248979.38 Bytes
app.js:117  
app.js:111 ABR strategy: bola
app.js:112 buffer level: 189.671 Seconds
app.js:113 bitrate: 1.62774 Mbps
app.js:114 throughput: 0.09959 Mbps
app.js:115 Segment Time: 20.000 Seconds
app.js:116 Segment Size: 248979.38 Bytes
app.js:117  
app.js:111 ABR strategy: bola
app.js:112 buffer level: 181.697 Seconds
app.js:113 bitrate: 1.62774 Mbps
app.js:114 throughput: 0.09959 Mbps
app.js:115 Segment Time: 20.000 Seconds
app.js:116 Segment Size: 248979.38 Bytes
app.js:117  
app.js:111 ABR strategy: bola
app.js:112 buffer level: 173.734 Seconds
app.js:113 bitrate: 1.62774 Mbps
app.js:114 throughput: 0.09959 Mbps
app.js:115 Segment Time: 20.000 Seconds
app.js:116 Segment Size: 248979.38 Bytes
app.js:117  
app.js:111 ABR strategy: bola
app.js:112 buffer level: 165.762 Seconds
app.js:113 bitrate: 1.62774 Mbps
app.js:114 throughput: 0.09959 Mbps
app.js:115 Segment Time: 20.000 Seconds
app.js:116 Segment Size: 248979.38 Bytes
app.js:117  
app.js:111 ABR strategy: bola
app.js:112 buffer level: 157.791 Seconds
app.js:113 bitrate: 1.62774 Mbps
app.js:114 throughput: 0.09959 Mbps
app.js:115 Segment Time: 20.000 Seconds
app.js:116 Segment Size: 248979.38 Bytes
app.js:117  
app.js:111 ABR strategy: bola
app.js:112 buffer level: 149.814 Seconds
app.js:113 bitrate: 1.62774 Mbps
app.js:114 throughput: 0.09959 Mbps
app.js:115 Segment Time: 20.000 Seconds
app.js:116 Segment Size: 248979.38 Bytes
app.js:117  
app.js:111 ABR strategy: bola
app.js:112 buffer level: 141.851 Seconds
app.js:113 bitrate: 1.62774 Mbps
app.js:114 throughput: 0.09959 Mbps
app.js:115 Segment Time: 20.000 Seconds
app.js:116 Segment Size: 248979.38 Bytes
app.js:117  
app.js:111 ABR strategy: bola
app.js:112 buffer level: 133.62 Seconds
app.js:113 bitrate: 1.62774 Mbps
app.js:114 throughput: 0.09959 Mbps
app.js:115 Segment Time: 20.000 Seconds
app.js:116 Segment Size: 248979.38 Bytes
app.js:117  
app.js:111 ABR strategy: bola
app.js:112 buffer level: 125.651 Seconds
app.js:113 bitrate: 1.62774 Mbps
app.js:114 throughput: 0.09959 Mbps
app.js:115 Segment Time: 20.000 Seconds
app.js:116 Segment Size: 248979.38 Bytes
app.js:117  
app.js:111 ABR strategy: bola
app.js:112 buffer level: 117.671 Seconds
app.js:113 bitrate: 1.62774 Mbps
app.js:114 throughput: 0.09959 Mbps
app.js:115 Segment Time: 20.000 Seconds
app.js:116 Segment Size: 248979.38 Bytes
app.js:117  
app.js:111 ABR strategy: bola
app.js:112 buffer level: 109.667 Seconds
app.js:113 bitrate: 1.62774 Mbps
app.js:114 throughput: 0.09959 Mbps
app.js:115 Segment Time: 20.000 Seconds
app.js:116 Segment Size: 248979.38 Bytes
app.js:117  
app.js:111 ABR strategy: bola
app.js:112 buffer level: 101.699 Seconds
app.js:113 bitrate: 1.62774 Mbps
app.js:114 throughput: 0.09959 Mbps
app.js:115 Segment Time: 20.000 Seconds
app.js:116 Segment Size: 248979.38 Bytes
app.js:117  
app.js:111 ABR strategy: bola
app.js:112 buffer level: 93.728 Seconds
app.js:113 bitrate: 1.62774 Mbps
app.js:114 throughput: 0.09959 Mbps
app.js:115 Segment Time: 20.000 Seconds
app.js:116 Segment Size: 248979.38 Bytes
app.js:117  
app.js:111 ABR strategy: bola
app.js:112 buffer level: 85.746 Seconds
app.js:113 bitrate: 1.62774 Mbps
app.js:114 throughput: 0.09959 Mbps
app.js:115 Segment Time: 20.000 Seconds
app.js:116 Segment Size: 248979.38 Bytes
app.js:117  
app.js:111 ABR strategy: bola
app.js:112 buffer level: 77.775 Seconds
app.js:113 bitrate: 1.62774 Mbps
app.js:114 throughput: 0.09959 Mbps
app.js:115 Segment Time: 20.000 Seconds
app.js:116 Segment Size: 248979.38 Bytes
app.js:117  
app.js:111 ABR strategy: bola
app.js:112 buffer level: 69.806 Seconds
app.js:113 bitrate: 1.62774 Mbps
app.js:114 throughput: 0.09959 Mbps
app.js:115 Segment Time: 20.000 Seconds
app.js:116 Segment Size: 248979.38 Bytes
app.js:117  
app.js:111 ABR strategy: bola
app.js:112 buffer level: 61.819 Seconds
app.js:113 bitrate: 1.62774 Mbps
app.js:114 throughput: 0.09959 Mbps
app.js:115 Segment Time: 20.000 Seconds
app.js:116 Segment Size: 248979.38 Bytes
app.js:117  
app.js:111 ABR strategy: bola
app.js:112 buffer level: 61.845 Seconds
app.js:113 bitrate: 1.62774 Mbps
app.js:114 throughput: 0.10533 Mbps
app.js:115 Segment Time: 63.000 Seconds
app.js:116 Segment Size: 829503.28 Bytes
app.js:117  
app.js:111 ABR strategy: bola
app.js:112 buffer level: 61.621 Seconds
app.js:113 bitrate: 1.62774 Mbps
app.js:114 throughput: 0.11258 Mbps
app.js:115 Segment Time: 61.000 Seconds
app.js:116 Segment Size: 858422.50 Bytes
app.js:117  
app.js:111 ABR strategy: bola
app.js:112 buffer level: 61.681 Seconds
app.js:113 bitrate: 1.62774 Mbps
app.js:114 throughput: 0.12402 Mbps
app.js:115 Segment Time: 72.000 Seconds
app.js:116 Segment Size: 1116157.50 Bytes
app.js:117  
app.js:111 ABR strategy: bola
app.js:112 buffer level: 61.78 Seconds
app.js:113 bitrate: 1.62774 Mbps
app.js:114 throughput: 0.14191 Mbps
app.js:115 Segment Time: 66.000 Seconds
app.js:116 Segment Size: 1170778.95 Bytes
app.js:117  
app.js:111 ABR strategy: bola
app.js:112 buffer level: 61.783 Seconds
app.js:113 bitrate: 1.62774 Mbps
app.js:114 throughput: 0.13737 Mbps
app.js:115 Segment Time: 69.000 Seconds
app.js:116 Segment Size: 1184801.88 Bytes
app.js:117  
app.js:111 ABR strategy: bola
app.js:112 buffer level: 61.702 Seconds
app.js:113 bitrate: 1.62774 Mbps
app.js:114 throughput: 0.13899 Mbps
app.js:115 Segment Time: 65.000 Seconds
app.js:116 Segment Size: 1129284.27 Bytes
app.js:117  
app.js:111 ABR strategy: bola
app.js:112 buffer level: 61.721 Seconds
app.js:113 bitrate: 1.62774 Mbps
app.js:114 throughput: 0.14053 Mbps
app.js:115 Segment Time: 97.000 Seconds
app.js:116 Segment Size: 1703918.17 Bytes
app.js:117  
app.js:111 ABR strategy: bola
app.js:112 buffer level: 61.75 Seconds
app.js:113 bitrate: 1.62774 Mbps
app.js:114 throughput: 0.12179 Mbps
app.js:115 Segment Time: 78.000 Seconds
app.js:116 Segment Size: 1187459.81 Bytes
app.js:117  
app.js:111 ABR strategy: bola
app.js:112 buffer level: 61.805 Seconds
app.js:113 bitrate: 1.62774 Mbps
app.js:114 throughput: 0.13359 Mbps
app.js:115 Segment Time: 28.000 Seconds
app.js:116 Segment Size: 467572.00 Bytes
app.js:117  
app.js:111 ABR strategy: bola
app.js:112 buffer level: 61.872 Seconds
app.js:113 bitrate: 1.62774 Mbps
app.js:114 throughput: 0.13359 Mbps
app.js:115 Segment Time: 66.000 Seconds
app.js:116 Segment Size: 1102134.00 Bytes
app.js:117  
app.js:111 ABR strategy: bola
app.js:112 buffer level: 61.942 Seconds
app.js:113 bitrate: 1.62774 Mbps
app.js:114 throughput: 0.13359 Mbps
app.js:115 Segment Time: 81.000 Seconds
app.js:116 Segment Size: 1352619.00 Bytes
app.js:117  
app.js:111 ABR strategy: bola
app.js:112 buffer level: 61.849 Seconds
app.js:113 bitrate: 1.62774 Mbps
app.js:114 throughput: 0.12350 Mbps
app.js:115 Segment Time: 64.000 Seconds
app.js:116 Segment Size: 987970.67 Bytes
app.js:117  
app.js:111 ABR strategy: bola
app.js:112 buffer level: 56.317 Seconds
app.js:113 bitrate: 1.62774 Mbps
app.js:114 throughput: 0.12350 Mbps
app.js:115 Segment Time: 76.000 Seconds
app.js:116 Segment Size: 1173215.17 Bytes
app.js:117  
app.js:111 ABR strategy: bola
app.js:112 buffer level: 48.081 Seconds
app.js:113 bitrate: 1.62774 Mbps
app.js:114 throughput: 0.12350 Mbps
app.js:115 Segment Time: 76.000 Seconds
app.js:116 Segment Size: 1173215.17 Bytes
app.js:117  
app.js:111 ABR strategy: bola
app.js:112 buffer level: 40.119 Seconds
app.js:113 bitrate: 1.62774 Mbps
app.js:114 throughput: 0.12350 Mbps
app.js:115 Segment Time: 76.000 Seconds
app.js:116 Segment Size: 1173215.17 Bytes
app.js:117  
app.js:111 ABR strategy: bola
app.js:112 buffer level: 32.142 Seconds
app.js:113 bitrate: 1.62774 Mbps
app.js:114 throughput: 0.12350 Mbps
app.js:115 Segment Time: 76.000 Seconds
app.js:116 Segment Size: 1173215.17 Bytes
app.js:117  
app.js:111 ABR strategy: bola
app.js:112 buffer level: 24.172 Seconds
app.js:113 bitrate: 1.62774 Mbps
app.js:114 throughput: 0.12350 Mbps
app.js:115 Segment Time: 76.000 Seconds
app.js:116 Segment Size: 1173215.17 Bytes
app.js:117  
app.js:111 ABR strategy: bola
app.js:112 buffer level: 16.202 Seconds
app.js:113 bitrate: 1.62774 Mbps
app.js:114 throughput: 0.12350 Mbps
app.js:115 Segment Time: 76.000 Seconds
app.js:116 Segment Size: 1173215.17 Bytes
app.js:117  
app.js:111 ABR strategy: bola
app.js:112 buffer level: 8.235 Seconds
app.js:113 bitrate: 1.62774 Mbps
app.js:114 throughput: 0.12350 Mbps
app.js:115 Segment Time: 76.000 Seconds
app.js:116 Segment Size: 1173215.17 Bytes
app.js:117  
app.js:111 ABR strategy: bola
app.js:112 buffer level: 0.271 Seconds
app.js:113 bitrate: 1.62774 Mbps
app.js:114 throughput: 0.12350 Mbps
app.js:115 Segment Time: 76.000 Seconds
app.js:116 Segment Size: 1173215.17 Bytes
app.js:117
